2025-07-14 12:37:07 - root - INFO - ØªÙ… Ø¥Ø¹Ø¯Ø§Ø¯ Ù†Ø¸Ø§Ù… Ø§Ù„ØªØ³Ø¬ÙŠÙ„ Ø¨Ù†Ø¬Ø§Ø­
2025-07-14 12:37:07 - __main__ - INFO - ğŸš€ Ø¨Ø¯Ø¡ ØªØ´ØºÙŠÙ„ Ø¨ÙˆØª Ø­Ù…Ø§ÙŠØ© Ø§Ù„Ù…Ø¬Ù…ÙˆØ¹Ø§Øª
2025-07-14 12:37:21 - root - INFO - ØªÙ… Ø¥Ø¹Ø¯Ø§Ø¯ Ù†Ø¸Ø§Ù… Ø§Ù„ØªØ³Ø¬ÙŠÙ„ Ø¨Ù†Ø¬Ø§Ø­
2025-07-14 12:37:21 - __main__ - INFO - ğŸš€ Ø¨Ø¯Ø¡ ØªØ´ØºÙŠÙ„ Ø¨ÙˆØª Ø­Ù…Ø§ÙŠØ© Ø§Ù„Ù…Ø¬Ù…ÙˆØ¹Ø§Øª
2025-07-14 12:37:35 - root - INFO - ØªÙ… Ø¥Ø¹Ø¯Ø§Ø¯ Ù†Ø¸Ø§Ù… Ø§Ù„ØªØ³Ø¬ÙŠÙ„ Ø¨Ù†Ø¬Ø§Ø­
2025-07-14 12:37:35 - __main__ - INFO - ğŸš€ Ø¨Ø¯Ø¡ ØªØ´ØºÙŠÙ„ Ø¨ÙˆØª Ø­Ù…Ø§ÙŠØ© Ø§Ù„Ù…Ø¬Ù…ÙˆØ¹Ø§Øª
2025-07-14 12:39:45 - root - INFO - ØªÙ… Ø¥Ø¹Ø¯Ø§Ø¯ Ù†Ø¸Ø§Ù… Ø§Ù„ØªØ³Ø¬ÙŠÙ„ Ø¨Ù†Ø¬Ø§Ø­
2025-07-14 12:39:45 - __main__ - INFO - ğŸš€ Ø¨Ø¯Ø¡ ØªØ´ØºÙŠÙ„ Ø¨ÙˆØª Ø­Ù…Ø§ÙŠØ© Ø§Ù„Ù…Ø¬Ù…ÙˆØ¹Ø§Øª
2025-07-14 12:39:45 - __main__ - INFO - ğŸ”„ ØªØ´ØºÙŠÙ„ Ø§Ù„Ø¨ÙˆØª ÙÙŠ ÙˆØ¶Ø¹ Polling
2025-07-14 12:39:46 - apscheduler.scheduler - INFO - Scheduler started
2025-07-14 12:39:46 - bot.handlers.verification - INFO - Ø¹Ø¶Ùˆ Ø¬Ø¯ÙŠØ¯ Ø§Ù†Ø¶Ù… Ù„Ù„Ù…Ø¬Ù…ÙˆØ¹Ø©: 5631238634
2025-07-14 12:39:46 - bot.utils.database - INFO - ØªÙ… Ø¥Ù†Ø´Ø§Ø¡ Ø¬Ø¯Ø§ÙˆÙ„ Ù‚Ø§Ø¹Ø¯Ø© Ø§Ù„Ø¨ÙŠØ§Ù†Ø§Øª Ø¨Ù†Ø¬Ø§Ø­
2025-07-14 12:39:46 - bot.utils.database - INFO - ØªÙ… ØªÙ‡ÙŠØ¦Ø© Ù‚Ø§Ø¹Ø¯Ø© Ø§Ù„Ø¨ÙŠØ§Ù†Ø§Øª Ø¨Ù†Ø¬Ø§Ø­
2025-07-14 12:39:46 - bot.services.verification_service - INFO - ØªÙ… Ø¥Ù†Ø´Ø§Ø¡ ØªØ­Ø¯ÙŠ Ø§Ù„ØªØ­Ù‚Ù‚ Ù„Ù„Ù…Ø³ØªØ®Ø¯Ù… 5631238634 ÙÙŠ Ø§Ù„Ù…Ø¬Ù…ÙˆØ¹Ø© -1002715966743
2025-07-14 12:39:47 - apscheduler.scheduler - INFO - Added job "verification_timeout" to job store "default"
2025-07-14 12:39:55 - root - INFO - ØªÙ… Ø¥Ø¹Ø¯Ø§Ø¯ Ù†Ø¸Ø§Ù… Ø§Ù„ØªØ³Ø¬ÙŠÙ„ Ø¨Ù†Ø¬Ø§Ø­
2025-07-14 12:39:55 - __main__ - INFO - ğŸš€ Ø¨Ø¯Ø¡ ØªØ´ØºÙŠÙ„ Ø¨ÙˆØª Ø­Ù…Ø§ÙŠØ© Ø§Ù„Ù…Ø¬Ù…ÙˆØ¹Ø§Øª
2025-07-14 12:39:55 - __main__ - INFO - ğŸ”„ ØªØ´ØºÙŠÙ„ Ø§Ù„Ø¨ÙˆØª ÙÙŠ ÙˆØ¶Ø¹ Polling
2025-07-14 12:39:55 - apscheduler.scheduler - INFO - Scheduler started
2025-07-14 12:40:40 - root - INFO - ØªÙ… Ø¥Ø¹Ø¯Ø§Ø¯ Ù†Ø¸Ø§Ù… Ø§Ù„ØªØ³Ø¬ÙŠÙ„ Ø¨Ù†Ø¬Ø§Ø­
2025-07-14 12:40:40 - __main__ - INFO - ğŸš€ Ø¨Ø¯Ø¡ ØªØ´ØºÙŠÙ„ Ø¨ÙˆØª Ø­Ù…Ø§ÙŠØ© Ø§Ù„Ù…Ø¬Ù…ÙˆØ¹Ø§Øª
2025-07-14 12:40:40 - __main__ - INFO - ğŸ”„ ØªØ´ØºÙŠÙ„ Ø§Ù„Ø¨ÙˆØª ÙÙŠ ÙˆØ¶Ø¹ Polling
2025-07-14 12:40:40 - apscheduler.scheduler - INFO - Scheduler started
2025-07-14 12:40:56 - root - INFO - ØªÙ… Ø¥Ø¹Ø¯Ø§Ø¯ Ù†Ø¸Ø§Ù… Ø§Ù„ØªØ³Ø¬ÙŠÙ„ Ø¨Ù†Ø¬Ø§Ø­
2025-07-14 12:40:56 - __main__ - INFO - ğŸš€ Ø¨Ø¯Ø¡ ØªØ´ØºÙŠÙ„ Ø¨ÙˆØª Ø­Ù…Ø§ÙŠØ© Ø§Ù„Ù…Ø¬Ù…ÙˆØ¹Ø§Øª
2025-07-14 12:40:56 - __main__ - INFO - ğŸ”„ ØªØ´ØºÙŠÙ„ Ø§Ù„Ø¨ÙˆØª ÙÙŠ ÙˆØ¶Ø¹ Polling
2025-07-14 12:40:56 - apscheduler.scheduler - INFO - Scheduler started
2025-07-14 12:41:20 - apscheduler.scheduler - INFO - Scheduler has been shut down
2025-07-14 12:41:21 - root - INFO - ØªÙ… Ø¥Ø¹Ø¯Ø§Ø¯ Ù†Ø¸Ø§Ù… Ø§Ù„ØªØ³Ø¬ÙŠÙ„ Ø¨Ù†Ø¬Ø§Ø­
2025-07-14 12:41:21 - __main__ - INFO - ğŸš€ Ø¨Ø¯Ø¡ ØªØ´ØºÙŠÙ„ Ø¨ÙˆØª Ø­Ù…Ø§ÙŠØ© Ø§Ù„Ù…Ø¬Ù…ÙˆØ¹Ø§Øª
2025-07-14 12:41:21 - __main__ - INFO - ğŸ”„ ØªØ´ØºÙŠÙ„ Ø§Ù„Ø¨ÙˆØª ÙÙŠ ÙˆØ¶Ø¹ Polling
2025-07-14 12:41:21 - apscheduler.scheduler - INFO - Scheduler started
2025-07-14 12:42:59 - apscheduler.scheduler - INFO - Scheduler has been shut down
2025-07-14 12:43:02 - root - INFO - ØªÙ… Ø¥Ø¹Ø¯Ø§Ø¯ Ù†Ø¸Ø§Ù… Ø§Ù„ØªØ³Ø¬ÙŠÙ„ Ø¨Ù†Ø¬Ø§Ø­
2025-07-14 12:43:02 - __main__ - INFO - ğŸš€ Ø¨Ø¯Ø¡ ØªØ´ØºÙŠÙ„ Ø¨ÙˆØª Ø­Ù…Ø§ÙŠØ© Ø§Ù„Ù…Ø¬Ù…ÙˆØ¹Ø§Øª
2025-07-14 12:43:02 - __main__ - INFO - ğŸ”„ ØªØ´ØºÙŠÙ„ Ø§Ù„Ø¨ÙˆØª ÙÙŠ ÙˆØ¶Ø¹ Polling
2025-07-14 12:43:02 - apscheduler.scheduler - INFO - Scheduler started
2025-07-14 12:45:42 - apscheduler.scheduler - INFO - Scheduler has been shut down
2025-07-14 12:45:43 - root - INFO - ØªÙ… Ø¥Ø¹Ø¯Ø§Ø¯ Ù†Ø¸Ø§Ù… Ø§Ù„ØªØ³Ø¬ÙŠÙ„ Ø¨Ù†Ø¬Ø§Ø­
2025-07-14 12:45:43 - __main__ - INFO - ğŸš€ Ø¨Ø¯Ø¡ ØªØ´ØºÙŠÙ„ Ø¨ÙˆØª Ø­Ù…Ø§ÙŠØ© Ø§Ù„Ù…Ø¬Ù…ÙˆØ¹Ø§Øª
2025-07-14 12:45:43 - __main__ - INFO - âœ… Ø¬Ù…ÙŠØ¹ Ù…Ø¹Ø§Ù„Ø¬Ø§Øª Ø§Ù„Ø£Ø­Ø¯Ø§Ø« ØªÙ… ØªØ³Ø¬ÙŠÙ„Ù‡Ø§ Ø¨Ù†Ø¬Ø§Ø­
2025-07-14 12:45:43 - __main__ - INFO - âœ… All event handlers registered successfully
2025-07-14 12:45:43 - __main__ - INFO - ğŸ”„ ØªØ´ØºÙŠÙ„ Ø§Ù„Ø¨ÙˆØª ÙÙŠ ÙˆØ¶Ø¹ Polling
2025-07-14 12:45:43 - apscheduler.scheduler - INFO - Scheduler started
2025-07-14 12:46:08 - apscheduler.scheduler - INFO - Scheduler has been shut down
2025-07-14 12:46:09 - root - INFO - ØªÙ… Ø¥Ø¹Ø¯Ø§Ø¯ Ù†Ø¸Ø§Ù… Ø§Ù„ØªØ³Ø¬ÙŠÙ„ Ø¨Ù†Ø¬Ø§Ø­
2025-07-14 12:46:09 - __main__ - INFO - ğŸš€ Ø¨Ø¯Ø¡ ØªØ´ØºÙŠÙ„ Ø¨ÙˆØª Ø­Ù…Ø§ÙŠØ© Ø§Ù„Ù…Ø¬Ù…ÙˆØ¹Ø§Øª
2025-07-14 12:46:09 - bot.handlers.commands - INFO - Registering command handlers...
2025-07-14 12:46:09 - bot.handlers.commands - INFO - Command handlers registered successfully
2025-07-14 12:46:09 - bot.handlers.moderation - INFO - Registering moderation handlers...
2025-07-14 12:46:09 - bot.handlers.moderation - INFO - Moderation handlers registered successfully
2025-07-14 12:46:09 - __main__ - INFO - âœ… Ø¬Ù…ÙŠØ¹ Ù…Ø¹Ø§Ù„Ø¬Ø§Øª Ø§Ù„Ø£Ø­Ø¯Ø§Ø« ØªÙ… ØªØ³Ø¬ÙŠÙ„Ù‡Ø§ Ø¨Ù†Ø¬Ø§Ø­
2025-07-14 12:46:09 - __main__ - INFO - âœ… All event handlers registered successfully
2025-07-14 12:46:09 - __main__ - INFO - ğŸ”„ ØªØ´ØºÙŠÙ„ Ø§Ù„Ø¨ÙˆØª ÙÙŠ ÙˆØ¶Ø¹ Polling
2025-07-14 12:46:10 - apscheduler.scheduler - INFO - Scheduler started
2025-07-14 12:46:44 - apscheduler.scheduler - INFO - Scheduler has been shut down
2025-07-14 12:46:45 - root - INFO - ØªÙ… Ø¥Ø¹Ø¯Ø§Ø¯ Ù†Ø¸Ø§Ù… Ø§Ù„ØªØ³Ø¬ÙŠÙ„ Ø¨Ù†Ø¬Ø§Ø­
2025-07-14 12:46:45 - __main__ - INFO - ğŸš€ Ø¨Ø¯Ø¡ ØªØ´ØºÙŠÙ„ Ø¨ÙˆØª Ø­Ù…Ø§ÙŠØ© Ø§Ù„Ù…Ø¬Ù…ÙˆØ¹Ø§Øª
2025-07-14 12:46:45 - bot.handlers.commands - INFO - Registering command handlers...
2025-07-14 12:46:45 - bot.handlers.commands - INFO - Command handlers registered successfully
2025-07-14 12:46:45 - bot.handlers.moderation - INFO - Registering moderation handlers...
2025-07-14 12:46:45 - bot.handlers.moderation - INFO - Moderation handlers registered successfully
2025-07-14 12:46:45 - __main__ - INFO - âœ… Ø¬Ù…ÙŠØ¹ Ù…Ø¹Ø§Ù„Ø¬Ø§Øª Ø§Ù„Ø£Ø­Ø¯Ø§Ø« ØªÙ… ØªØ³Ø¬ÙŠÙ„Ù‡Ø§ Ø¨Ù†Ø¬Ø§Ø­
2025-07-14 12:46:45 - __main__ - INFO - âœ… All event handlers registered successfully
2025-07-14 12:46:45 - __main__ - INFO - ğŸ”„ ØªØ´ØºÙŠÙ„ Ø§Ù„Ø¨ÙˆØª ÙÙŠ ÙˆØ¶Ø¹ Polling
2025-07-14 12:46:45 - __main__ - ERROR - âŒ Ø®Ø·Ø£ ÙÙŠ ØªØ´ØºÙŠÙ„ Ø§Ù„Ø¨ÙˆØª: ExtBot is not properly initialized. Call `ExtBot.initialize` before accessing this property.
2025-07-14 12:46:45 - __main__ - ERROR - âŒ Error starting bot: ExtBot is not properly initialized. Call `ExtBot.initialize` before accessing this property.
2025-07-14 12:46:58 - root - INFO - ØªÙ… Ø¥Ø¹Ø¯Ø§Ø¯ Ù†Ø¸Ø§Ù… Ø§Ù„ØªØ³Ø¬ÙŠÙ„ Ø¨Ù†Ø¬Ø§Ø­
2025-07-14 12:46:58 - __main__ - INFO - ğŸš€ Ø¨Ø¯Ø¡ ØªØ´ØºÙŠÙ„ Ø¨ÙˆØª Ø­Ù…Ø§ÙŠØ© Ø§Ù„Ù…Ø¬Ù…ÙˆØ¹Ø§Øª
2025-07-14 12:46:58 - bot.handlers.commands - INFO - Registering command handlers...
2025-07-14 12:46:58 - bot.handlers.commands - INFO - Command handlers registered successfully
2025-07-14 12:46:58 - bot.handlers.moderation - INFO - Registering moderation handlers...
2025-07-14 12:46:58 - bot.handlers.moderation - INFO - Moderation handlers registered successfully
2025-07-14 12:46:58 - __main__ - INFO - âœ… Ø¬Ù…ÙŠØ¹ Ù…Ø¹Ø§Ù„Ø¬Ø§Øª Ø§Ù„Ø£Ø­Ø¯Ø§Ø« ØªÙ… ØªØ³Ø¬ÙŠÙ„Ù‡Ø§ Ø¨Ù†Ø¬Ø§Ø­
2025-07-14 12:46:58 - __main__ - INFO - âœ… All event handlers registered successfully
2025-07-14 12:46:58 - __main__ - INFO - ğŸ”„ ØªØ´ØºÙŠÙ„ Ø§Ù„Ø¨ÙˆØª ÙÙŠ ÙˆØ¶Ø¹ Polling
2025-07-14 12:46:58 - __main__ - INFO - Bot username: @Yosy_69bot
2025-07-14 12:46:58 - __main__ - ERROR - âŒ Ø®Ø·Ø£ ÙÙŠ ØªØ´ØºÙŠÙ„ Ø§Ù„Ø¨ÙˆØª: There is no current event loop in thread 'MainThread'.
2025-07-14 12:46:58 - __main__ - ERROR - âŒ Error starting bot: There is no current event loop in thread 'MainThread'.
2025-07-14 12:47:27 - root - INFO - ØªÙ… Ø¥Ø¹Ø¯Ø§Ø¯ Ù†Ø¸Ø§Ù… Ø§Ù„ØªØ³Ø¬ÙŠÙ„ Ø¨Ù†Ø¬Ø§Ø­
2025-07-14 12:47:27 - __main__ - INFO - ğŸš€ Ø¨Ø¯Ø¡ ØªØ´ØºÙŠÙ„ Ø¨ÙˆØª Ø­Ù…Ø§ÙŠØ© Ø§Ù„Ù…Ø¬Ù…ÙˆØ¹Ø§Øª
2025-07-14 12:47:27 - bot.handlers.commands - INFO - Registering command handlers...
2025-07-14 12:47:27 - bot.handlers.commands - INFO - Command handlers registered successfully
2025-07-14 12:47:27 - bot.handlers.moderation - INFO - Registering moderation handlers...
2025-07-14 12:47:27 - bot.handlers.moderation - INFO - Moderation handlers registered successfully
2025-07-14 12:47:27 - __main__ - INFO - âœ… Ø¬Ù…ÙŠØ¹ Ù…Ø¹Ø§Ù„Ø¬Ø§Øª Ø§Ù„Ø£Ø­Ø¯Ø§Ø« ØªÙ… ØªØ³Ø¬ÙŠÙ„Ù‡Ø§ Ø¨Ù†Ø¬Ø§Ø­
2025-07-14 12:47:27 - __main__ - INFO - âœ… All event handlers registered successfully
2025-07-14 12:47:27 - __main__ - INFO - ğŸ”„ ØªØ´ØºÙŠÙ„ Ø§Ù„Ø¨ÙˆØª ÙÙŠ ÙˆØ¶Ø¹ Polling
2025-07-14 12:47:27 - __main__ - INFO - Bot is ready to receive messages
2025-07-14 12:47:28 - apscheduler.scheduler - INFO - Scheduler started
2025-07-14 12:47:28 - telegram.ext.Application - INFO - Application started
2025-07-14 13:02:18 - bot.handlers.commands - INFO - Received /help command from user 5009514991
2025-07-14 13:02:26 - bot.handlers.commands - INFO - Received /start command from user 5009514991
2025-07-14 13:12:52 - telegram.ext.Updater - ERROR - Error while getting Updates: httpx.ReadError: 
2025-07-14 13:12:52 - telegram.ext.Application - ERROR - No error handlers are registered, logging exception.
Traceback (most recent call last):
  File "/home/runner/workspace/.pythonlibs/lib/python3.11/site-packages/httpx/_transports/default.py", line 67, in map_httpcore_exceptions
    yield
  File "/home/runner/workspace/.pythonlibs/lib/python3.11/site-packages/httpx/_transports/default.py", line 371, in handle_async_request
    resp = await self._pool.handle_async_request(req)
           ^^^^^^^^^^^^^^^^^^^^^^^^^^^^^^^^^^^^^^^^^^
  File "/home/runner/workspace/.pythonlibs/lib/python3.11/site-packages/httpcore/_async/connection_pool.py", line 256, in handle_async_request
    raise exc from None
  File "/home/runner/workspace/.pythonlibs/lib/python3.11/site-packages/httpcore/_async/connection_pool.py", line 236, in handle_async_request
    response = await connection.handle_async_request(
               ^^^^^^^^^^^^^^^^^^^^^^^^^^^^^^^^^^^^^^
  File "/home/runner/workspace/.pythonlibs/lib/python3.11/site-packages/httpcore/_async/connection.py", line 103, in handle_async_request
    return await self._connection.handle_async_request(request)
           ^^^^^^^^^^^^^^^^^^^^^^^^^^^^^^^^^^^^^^^^^^^^^^^^^^^^
  File "/home/runner/workspace/.pythonlibs/lib/python3.11/site-packages/httpcore/_async/http11.py", line 136, in handle_async_request
    raise exc
  File "/home/runner/workspace/.pythonlibs/lib/python3.11/site-packages/httpcore/_async/http11.py", line 106, in handle_async_request
    ) = await self._receive_response_headers(**kwargs)
        ^^^^^^^^^^^^^^^^^^^^^^^^^^^^^^^^^^^^^^^^^^^^^^
  File "/home/runner/workspace/.pythonlibs/lib/python3.11/site-packages/httpcore/_async/http11.py", line 177, in _receive_response_headers
    event = await self._receive_event(timeout=timeout)
            ^^^^^^^^^^^^^^^^^^^^^^^^^^^^^^^^^^^^^^^^^^
  File "/home/runner/workspace/.pythonlibs/lib/python3.11/site-packages/httpcore/_async/http11.py", line 217, in _receive_event
    data = await self._network_stream.read(
           ^^^^^^^^^^^^^^^^^^^^^^^^^^^^^^^^
  File "/home/runner/workspace/.pythonlibs/lib/python3.11/site-packages/httpcore/_backends/anyio.py", line 32, in read
    with map_exceptions(exc_map):
  File "/nix/store/clx0mcir7qw8zk36zbr4jra789g3knf6-python3-3.11.10/lib/python3.11/contextlib.py", line 158, in __exit__
    self.gen.throw(typ, value, traceback)
  File "/home/runner/workspace/.pythonlibs/lib/python3.11/site-packages/httpcore/_exceptions.py", line 14, in map_exceptions
    raise to_exc(exc) from exc
httpcore.ReadError

The above exception was the direct cause of the following exception:

Traceback (most recent call last):
  File "/home/runner/workspace/.pythonlibs/lib/python3.11/site-packages/telegram/request/_httpxrequest.py", line 268, in do_request
    res = await self._client.request(
          ^^^^^^^^^^^^^^^^^^^^^^^^^^^
  File "/home/runner/workspace/.pythonlibs/lib/python3.11/site-packages/httpx/_client.py", line 1559, in request
    return await self.send(request, auth=auth, follow_redirects=follow_redirects)
           ^^^^^^^^^^^^^^^^^^^^^^^^^^^^^^^^^^^^^^^^^^^^^^^^^^^^^^^^^^^^^^^^^^^^^^
  File "/home/runner/workspace/.pythonlibs/lib/python3.11/site-packages/httpx/_client.py", line 1646, in send
    response = await self._send_handling_auth(
               ^^^^^^^^^^^^^^^^^^^^^^^^^^^^^^^
  File "/home/runner/workspace/.pythonlibs/lib/python3.11/site-packages/httpx/_client.py", line 1674, in _send_handling_auth
    response = await self._send_handling_redirects(
               ^^^^^^^^^^^^^^^^^^^^^^^^^^^^^^^^^^^^
  File "/home/runner/workspace/.pythonlibs/lib/python3.11/site-packages/httpx/_client.py", line 1711, in _send_handling_redirects
    response = await self._send_single_request(request)
               ^^^^^^^^^^^^^^^^^^^^^^^^^^^^^^^^^^^^^^^^
  File "/home/runner/workspace/.pythonlibs/lib/python3.11/site-packages/httpx/_client.py", line 1748, in _send_single_request
    response = await transport.handle_async_request(request)
               ^^^^^^^^^^^^^^^^^^^^^^^^^^^^^^^^^^^^^^^^^^^^^
  File "/home/runner/workspace/.pythonlibs/lib/python3.11/site-packages/httpx/_transports/default.py", line 370, in handle_async_request
    with map_httpcore_exceptions():
  File "/nix/store/clx0mcir7qw8zk36zbr4jra789g3knf6-python3-3.11.10/lib/python3.11/contextlib.py", line 158, in __exit__
    self.gen.throw(typ, value, traceback)
  File "/home/runner/workspace/.pythonlibs/lib/python3.11/site-packages/httpx/_transports/default.py", line 84, in map_httpcore_exceptions
    raise mapped_exc(message) from exc
httpx.ReadError

The above exception was the direct cause of the following exception:

Traceback (most recent call last):
  File "/home/runner/workspace/.pythonlibs/lib/python3.11/site-packages/telegram/ext/_updater.py", line 715, in _network_loop_retry
    if not await action_cb():
           ^^^^^^^^^^^^^^^^^
  File "/home/runner/workspace/.pythonlibs/lib/python3.11/site-packages/telegram/ext/_updater.py", line 384, in polling_action_cb
    raise exc
  File "/home/runner/workspace/.pythonlibs/lib/python3.11/site-packages/telegram/ext/_updater.py", line 373, in polling_action_cb
    updates = await self.bot.get_updates(
              ^^^^^^^^^^^^^^^^^^^^^^^^^^^
  File "/home/runner/workspace/.pythonlibs/lib/python3.11/site-packages/telegram/ext/_extbot.py", line 618, in get_updates
    updates = await super().get_updates(
              ^^^^^^^^^^^^^^^^^^^^^^^^^^
  File "/home/runner/workspace/.pythonlibs/lib/python3.11/site-packages/telegram/_bot.py", line 542, in decorator
    result = await func(self, *args, **kwargs)
             ^^^^^^^^^^^^^^^^^^^^^^^^^^^^^^^^^
  File "/home/runner/workspace/.pythonlibs/lib/python3.11/site-packages/telegram/_bot.py", line 4164, in get_updates
    await self._post(
  File "/home/runner/workspace/.pythonlibs/lib/python3.11/site-packages/telegram/_bot.py", line 630, in _post
    return await self._do_post(
           ^^^^^^^^^^^^^^^^^^^^
  File "/home/runner/workspace/.pythonlibs/lib/python3.11/site-packages/telegram/ext/_extbot.py", line 347, in _do_post
    return await super()._do_post(
           ^^^^^^^^^^^^^^^^^^^^^^^
  File "/home/runner/workspace/.pythonlibs/lib/python3.11/site-packages/telegram/_bot.py", line 658, in _do_post
    return await request.post(
           ^^^^^^^^^^^^^^^^^^^
  File "/home/runner/workspace/.pythonlibs/lib/python3.11/site-packages/telegram/request/_baserequest.py", line 200, in post
    result = await self._request_wrapper(
             ^^^^^^^^^^^^^^^^^^^^^^^^^^^^
  File "/home/runner/workspace/.pythonlibs/lib/python3.11/site-packages/telegram/request/_baserequest.py", line 340, in _request_wrapper
    raise exc
  File "/home/runner/workspace/.pythonlibs/lib/python3.11/site-packages/telegram/request/_baserequest.py", line 330, in _request_wrapper
    code, payload = await self.do_request(
                    ^^^^^^^^^^^^^^^^^^^^^^
  File "/home/runner/workspace/.pythonlibs/lib/python3.11/site-packages/telegram/request/_httpxrequest.py", line 292, in do_request
    raise NetworkError(f"httpx.{err.__class__.__name__}: {err}") from err
telegram.error.NetworkError: httpx.ReadError: 
2025-07-14 13:14:25 - telegram.ext.Updater - ERROR - Error while getting Updates: httpx.ReadError: 
2025-07-14 13:14:25 - telegram.ext.Application - ERROR - No error handlers are registered, logging exception.
Traceback (most recent call last):
  File "/home/runner/workspace/.pythonlibs/lib/python3.11/site-packages/httpx/_transports/default.py", line 67, in map_httpcore_exceptions
    yield
  File "/home/runner/workspace/.pythonlibs/lib/python3.11/site-packages/httpx/_transports/default.py", line 371, in handle_async_request
    resp = await self._pool.handle_async_request(req)
           ^^^^^^^^^^^^^^^^^^^^^^^^^^^^^^^^^^^^^^^^^^
  File "/home/runner/workspace/.pythonlibs/lib/python3.11/site-packages/httpcore/_async/connection_pool.py", line 256, in handle_async_request
    raise exc from None
  File "/home/runner/workspace/.pythonlibs/lib/python3.11/site-packages/httpcore/_async/connection_pool.py", line 236, in handle_async_request
    response = await connection.handle_async_request(
               ^^^^^^^^^^^^^^^^^^^^^^^^^^^^^^^^^^^^^^
  File "/home/runner/workspace/.pythonlibs/lib/python3.11/site-packages/httpcore/_async/connection.py", line 103, in handle_async_request
    return await self._connection.handle_async_request(request)
           ^^^^^^^^^^^^^^^^^^^^^^^^^^^^^^^^^^^^^^^^^^^^^^^^^^^^
  File "/home/runner/workspace/.pythonlibs/lib/python3.11/site-packages/httpcore/_async/http11.py", line 136, in handle_async_request
    raise exc
  File "/home/runner/workspace/.pythonlibs/lib/python3.11/site-packages/httpcore/_async/http11.py", line 106, in handle_async_request
    ) = await self._receive_response_headers(**kwargs)
        ^^^^^^^^^^^^^^^^^^^^^^^^^^^^^^^^^^^^^^^^^^^^^^
  File "/home/runner/workspace/.pythonlibs/lib/python3.11/site-packages/httpcore/_async/http11.py", line 177, in _receive_response_headers
    event = await self._receive_event(timeout=timeout)
            ^^^^^^^^^^^^^^^^^^^^^^^^^^^^^^^^^^^^^^^^^^
  File "/home/runner/workspace/.pythonlibs/lib/python3.11/site-packages/httpcore/_async/http11.py", line 217, in _receive_event
    data = await self._network_stream.read(
           ^^^^^^^^^^^^^^^^^^^^^^^^^^^^^^^^
  File "/home/runner/workspace/.pythonlibs/lib/python3.11/site-packages/httpcore/_backends/anyio.py", line 32, in read
    with map_exceptions(exc_map):
  File "/nix/store/clx0mcir7qw8zk36zbr4jra789g3knf6-python3-3.11.10/lib/python3.11/contextlib.py", line 158, in __exit__
    self.gen.throw(typ, value, traceback)
  File "/home/runner/workspace/.pythonlibs/lib/python3.11/site-packages/httpcore/_exceptions.py", line 14, in map_exceptions
    raise to_exc(exc) from exc
httpcore.ReadError

The above exception was the direct cause of the following exception:

Traceback (most recent call last):
  File "/home/runner/workspace/.pythonlibs/lib/python3.11/site-packages/telegram/request/_httpxrequest.py", line 268, in do_request
    res = await self._client.request(
          ^^^^^^^^^^^^^^^^^^^^^^^^^^^
  File "/home/runner/workspace/.pythonlibs/lib/python3.11/site-packages/httpx/_client.py", line 1559, in request
    return await self.send(request, auth=auth, follow_redirects=follow_redirects)
           ^^^^^^^^^^^^^^^^^^^^^^^^^^^^^^^^^^^^^^^^^^^^^^^^^^^^^^^^^^^^^^^^^^^^^^
  File "/home/runner/workspace/.pythonlibs/lib/python3.11/site-packages/httpx/_client.py", line 1646, in send
    response = await self._send_handling_auth(
               ^^^^^^^^^^^^^^^^^^^^^^^^^^^^^^^
  File "/home/runner/workspace/.pythonlibs/lib/python3.11/site-packages/httpx/_client.py", line 1674, in _send_handling_auth
    response = await self._send_handling_redirects(
               ^^^^^^^^^^^^^^^^^^^^^^^^^^^^^^^^^^^^
  File "/home/runner/workspace/.pythonlibs/lib/python3.11/site-packages/httpx/_client.py", line 1711, in _send_handling_redirects
    response = await self._send_single_request(request)
               ^^^^^^^^^^^^^^^^^^^^^^^^^^^^^^^^^^^^^^^^
  File "/home/runner/workspace/.pythonlibs/lib/python3.11/site-packages/httpx/_client.py", line 1748, in _send_single_request
    response = await transport.handle_async_request(request)
               ^^^^^^^^^^^^^^^^^^^^^^^^^^^^^^^^^^^^^^^^^^^^^
  File "/home/runner/workspace/.pythonlibs/lib/python3.11/site-packages/httpx/_transports/default.py", line 370, in handle_async_request
    with map_httpcore_exceptions():
  File "/nix/store/clx0mcir7qw8zk36zbr4jra789g3knf6-python3-3.11.10/lib/python3.11/contextlib.py", line 158, in __exit__
    self.gen.throw(typ, value, traceback)
  File "/home/runner/workspace/.pythonlibs/lib/python3.11/site-packages/httpx/_transports/default.py", line 84, in map_httpcore_exceptions
    raise mapped_exc(message) from exc
httpx.ReadError

The above exception was the direct cause of the following exception:

Traceback (most recent call last):
  File "/home/runner/workspace/.pythonlibs/lib/python3.11/site-packages/telegram/ext/_updater.py", line 715, in _network_loop_retry
    if not await action_cb():
           ^^^^^^^^^^^^^^^^^
  File "/home/runner/workspace/.pythonlibs/lib/python3.11/site-packages/telegram/ext/_updater.py", line 384, in polling_action_cb
    raise exc
  File "/home/runner/workspace/.pythonlibs/lib/python3.11/site-packages/telegram/ext/_updater.py", line 373, in polling_action_cb
    updates = await self.bot.get_updates(
              ^^^^^^^^^^^^^^^^^^^^^^^^^^^
  File "/home/runner/workspace/.pythonlibs/lib/python3.11/site-packages/telegram/ext/_extbot.py", line 618, in get_updates
    updates = await super().get_updates(
              ^^^^^^^^^^^^^^^^^^^^^^^^^^
  File "/home/runner/workspace/.pythonlibs/lib/python3.11/site-packages/telegram/_bot.py", line 542, in decorator
    result = await func(self, *args, **kwargs)
             ^^^^^^^^^^^^^^^^^^^^^^^^^^^^^^^^^
  File "/home/runner/workspace/.pythonlibs/lib/python3.11/site-packages/telegram/_bot.py", line 4164, in get_updates
    await self._post(
  File "/home/runner/workspace/.pythonlibs/lib/python3.11/site-packages/telegram/_bot.py", line 630, in _post
    return await self._do_post(
           ^^^^^^^^^^^^^^^^^^^^
  File "/home/runner/workspace/.pythonlibs/lib/python3.11/site-packages/telegram/ext/_extbot.py", line 347, in _do_post
    return await super()._do_post(
           ^^^^^^^^^^^^^^^^^^^^^^^
  File "/home/runner/workspace/.pythonlibs/lib/python3.11/site-packages/telegram/_bot.py", line 658, in _do_post
    return await request.post(
           ^^^^^^^^^^^^^^^^^^^
  File "/home/runner/workspace/.pythonlibs/lib/python3.11/site-packages/telegram/request/_baserequest.py", line 200, in post
    result = await self._request_wrapper(
             ^^^^^^^^^^^^^^^^^^^^^^^^^^^^
  File "/home/runner/workspace/.pythonlibs/lib/python3.11/site-packages/telegram/request/_baserequest.py", line 340, in _request_wrapper
    raise exc
  File "/home/runner/workspace/.pythonlibs/lib/python3.11/site-packages/telegram/request/_baserequest.py", line 330, in _request_wrapper
    code, payload = await self.do_request(
                    ^^^^^^^^^^^^^^^^^^^^^^
  File "/home/runner/workspace/.pythonlibs/lib/python3.11/site-packages/telegram/request/_httpxrequest.py", line 292, in do_request
    raise NetworkError(f"httpx.{err.__class__.__name__}: {err}") from err
telegram.error.NetworkError: httpx.ReadError: 
2025-07-14 13:16:04 - telegram.ext.Application - INFO - Application is stopping. This might take a moment.
2025-07-14 13:16:04 - apscheduler.scheduler - INFO - Scheduler has been shut down
2025-07-14 13:16:04 - telegram.ext.Application - INFO - Application.stop() complete
2025-07-14 13:16:05 - root - INFO - ØªÙ… Ø¥Ø¹Ø¯Ø§Ø¯ Ù†Ø¸Ø§Ù… Ø§Ù„ØªØ³Ø¬ÙŠÙ„ Ø¨Ù†Ø¬Ø§Ø­
2025-07-14 13:16:05 - __main__ - INFO - ğŸš€ Ø¨Ø¯Ø¡ ØªØ´ØºÙŠÙ„ Ø¨ÙˆØª Ø­Ù…Ø§ÙŠØ© Ø§Ù„Ù…Ø¬Ù…ÙˆØ¹Ø§Øª
2025-07-14 13:16:05 - bot.handlers.commands - INFO - Registering command handlers...
2025-07-14 13:16:05 - bot.handlers.commands - INFO - Command handlers registered successfully
2025-07-14 13:16:05 - bot.handlers.moderation - INFO - Registering moderation handlers...
2025-07-14 13:16:05 - bot.handlers.moderation - INFO - Moderation handlers registered successfully
2025-07-14 13:16:05 - bot.handlers.admin - INFO - Registering admin handlers...
2025-07-14 13:16:05 - bot.handlers.admin - INFO - Admin handlers registered successfully
2025-07-14 13:16:05 - __main__ - INFO - âœ… Ø¬Ù…ÙŠØ¹ Ù…Ø¹Ø§Ù„Ø¬Ø§Øª Ø§Ù„Ø£Ø­Ø¯Ø§Ø« ØªÙ… ØªØ³Ø¬ÙŠÙ„Ù‡Ø§ Ø¨Ù†Ø¬Ø§Ø­
2025-07-14 13:16:05 - __main__ - INFO - âœ… All event handlers registered successfully
2025-07-14 13:16:05 - __main__ - INFO - ğŸ”„ ØªØ´ØºÙŠÙ„ Ø§Ù„Ø¨ÙˆØª ÙÙŠ ÙˆØ¶Ø¹ Polling
2025-07-14 13:16:05 - __main__ - INFO - Bot is ready to receive messages
2025-07-14 13:16:06 - apscheduler.scheduler - INFO - Scheduler started
2025-07-14 13:16:06 - telegram.ext.Application - INFO - Application started
2025-07-14 13:18:10 - bot.handlers.commands - INFO - Received /start command from user 5009514991
2025-07-14 13:18:13 - bot.handlers.commands - INFO - Received /help command from user 5009514991
2025-07-14 13:19:17 - bot.services.badwords_service - INFO - ØªÙ… ØªØ­Ù…ÙŠÙ„ 30 ÙƒÙ„Ù…Ø© Ù…Ø­Ø¸ÙˆØ±Ø©
2025-07-14 13:19:17 - bot.services.badwords_service - INFO - ØªÙ…Øª Ø¥Ø¶Ø§ÙØ© ÙƒÙ„Ù…Ø© Ù…Ø³ÙŠØ¦Ø© Ø¬Ø¯ÙŠØ¯Ø©: Ø®Ù†Ø²ÙŠØ±
2025-07-14 13:19:18 - bot.handlers.admin - INFO - ØªÙ… Ø¥Ø¶Ø§ÙØ© ÙƒÙ„Ù…Ø© Ù…Ø³ÙŠØ¦Ø© Ø¬Ø¯ÙŠØ¯Ø©: Ø®Ù†Ø²ÙŠØ± Ø¨ÙˆØ§Ø³Ø·Ø© Ø§Ù„Ù…Ø´Ø±Ù 5009514991
2025-07-14 13:20:23 - bot.handlers.moderation - INFO - Received message update: Update(message=Message(channel_chat_created=False, chat=Chat(id=-1002715966743, title='Ø­Ù„ Ù…Ø´Ø§ÙƒÙ„ Ø§Ù„Ø±ÙˆØª', type=<ChatType.SUPERGROUP>), date=datetime.datetime(2025, 7, 14, 13, 20, 23, tzinfo=<UTC>), delete_chat_photo=False, from_user=User(first_name='ï¼³ï¼£ï¼¡ï¼®ï¼¯ï¼²ãƒ„', id=5009514991, is_bot=False, language_code='ar', username='Haneen_bint_Youssef'), group_chat_created=False, message_id=256, supergroup_chat_created=False, text='/addbadØ®ÙˆÙ„\nÙ…ØªÙ†Ø§Ùƒ\nØ²ÙØª\nØ´Ø±Ù…ÙˆØ·\nØ¹Ø¨ÙŠØ·\nÙ…Ù†ÙŠÙƒ\nÙƒÙ„Ø¨\nØ­Ù…Ø§Ø±\nØ³Ø§ÙÙ„\nÙˆØ³Ø®\nÙ‚Ø°Ø±\nØ¹Ø±Øµ\nØ¯ÙŠÙˆØ«\nØ´Ø±Ù…ÙˆØ·Ø©\nÙƒØ³Ù…Ùƒ\nÙŠØ§ Ø§Ø¨Ù†\nØ­Ù‚ÙŠØ±\nÙˆÙ‚Ø­\nÙ…Ù†ÙŠÙ„\nÙ†Ø°Ù„\nÙˆØ¶ÙŠØ¹\nØ¬Ø¨Ø§Ù†\nØ­ÙŠÙˆØ§Ù†\nØªØ§ÙÙ‡\nØºØ¨ÙŠ\nØ§Ù‡Ø¨Ù„\nÙ‚Ù„ÙŠÙ„ Ø§Ù„Ø§Ø¯Ø¨\nÙƒØ³ Ø§Ù…Ùƒ\nÙƒØ³ Ø§Ø®ØªÙƒ\nÙ†ÙŠÙƒ\nØªÙ Ø¹Ù„ÙŠÙƒ\nØ§Ø¨Ù† Ø§Ù„ÙƒÙ„Ø¨\nØ¹Ø±ØµÙ‡\nØ¨Ø²Ø±\nØ­Ù‚Ù†Ù‡\nØ¨ØºÙ„\nÙ…Ø¹ÙÙ†\nØ®Ù†ÙŠØ«\nØ³Ù„Ù‚\nÙ…Ø®Ù†Ø«\nÙƒÙ„Ø¨ Ø§Ø¨Ù† ÙƒÙ„Ø¨\nØ³ÙÙŠÙ‡\nÙˆÙ‚Ø­Ù‡\nØ®Ø±Ø§\nØªØ¨Ù†\nÙŠØ®Ø±Ø¨ Ø¨ÙŠØªÙƒ\nØºÙˆØ±\nØ§Ù†Ù‚Ù„Ø¹\nÙØ§Ø¬Ø±\nÙ…Ø¬Ø±Ù…\nØ®Ø±ÙˆÙ\nÙ…Ø³Ø·ÙˆÙ„\nØ®Ù†Ø«Ù‰\nØ´Ø±Ù…ÙˆØ·Ùƒ\nÙƒØ³Ø§Ø®ØªÙƒ\nÙƒØ³Ø®ØªÙƒ\nØ§Ø¨Ù† Ø§Ù„Ù…ØªÙ†Ø§ÙƒØ©\nÙ†ÙŠØ¬\nØ¨Ø®\nØ§Ù‡Ø¨Ù„\nÙƒØ³ Ø§Ù…Ùƒ ÙŠØ§ ÙƒÙ„Ø¨\nØ¨Ø±Ø¨ÙˆØ±\nÙ‡Ø§Ù…Ù„\nÙ…Ù‚Ø±Ù\nØ§Ø¨Ùˆ ÙƒÙ„Ø¨\nØ§Ù†Ø°Ù„\nÙ…Ø¹Ø±Øµ\nÙ…Ø´Ù„ÙˆÙ…\nÙØ·ÙŠØ³\nØ¨ÙˆØ®Ù‡\nØ²Ø¨Ø§Ù„Ø©\nÙƒØ®Ø©\nØ¶Ø§ÙŠØ¹\nÙ…Ù†ØºÙˆÙ„ÙŠ\nÙ…Ø¬Ù†ÙˆÙ†\nØ¹Ø±ØµØ©\nØ¹ÙŠÙ„Ø© Ù…Ù†ÙŠÙ„Ø©\nÙ…Ù‚Ù…ÙˆØ·\nØ¬Ø±Ø§Ø¯Ø©\nÙØ§Ø´Ù„\nØ¨Ø²Ø±Ù†Ø¬ÙŠ\nØ®Ù†Ø²ÙŠØ±\nØµØ±ØµÙˆØ±\nØ¹Ø§Ù„Ø©\nÙƒØ®Ø© Ø¹Ù„ÙŠÙƒ\nÙ‚ÙˆØ§Ø¯\nØµØ§ÙŠØ¹\nÙ…Ù†Ø­Ø±Ù\nØ¹Ø§Ù‡Ø±\nÙØ§Ø¬Ø±\nÙ‚Ø°Ø±\nØºØ¯Ø§Ø±\nØ­Ø´Ø§Ø´\nÙˆØ³Ø®Ø§Ù†\nÙ…Ù„Ø¹ÙˆÙ†\nØ£Ù‡Ø¨Ù„\nØ£Ø¨Ù„Ù‡\nÙ‡Ù…Ø¬ÙŠ\nØ­ÙŠÙˆØ§Ù† Ø¨Ø´Ø±ÙŠ\nØ²Ø¨\nÙƒØ³\nØ®Ù†ÙØ³'), update_id=66612381)
2025-07-14 13:20:23 - bot.handlers.moderation - INFO - Processing message from user 5009514991 in chat -1002715966743: /addbadØ®ÙˆÙ„
Ù…ØªÙ†Ø§Ùƒ
Ø²ÙØª
Ø´Ø±Ù…ÙˆØ·
Ø¹Ø¨ÙŠØ·
Ù…Ù†ÙŠÙƒ
ÙƒÙ„Ø¨
Ø­Ù…Ø§Ø±
Ø³Ø§ÙÙ„...
2025-07-14 13:20:38 - bot.handlers.moderation - INFO - Received message update: Update(message=Message(channel_chat_created=False, chat=Chat(id=-1002715966743, title='Ø­Ù„ Ù…Ø´Ø§ÙƒÙ„ Ø§Ù„Ø±ÙˆØª', type=<ChatType.SUPERGROUP>), date=datetime.datetime(2025, 7, 14, 13, 20, 38, tzinfo=<UTC>), delete_chat_photo=False, from_user=User(first_name='ï¼³ï¼£ï¼¡ï¼®ï¼¯ï¼²ãƒ„', id=5009514991, is_bot=False, language_code='ar', username='Haneen_bint_Youssef'), group_chat_created=False, message_id=259, supergroup_chat_created=False, text='/addbadØ®ÙˆÙ„\nÙ…ØªÙ†Ø§Ùƒ\nØ²ÙØª\nØ´Ø±Ù…ÙˆØ·\nØ¹Ø¨ÙŠØ·\nÙ…Ù†ÙŠÙƒ\nÙƒÙ„Ø¨\nØ­Ù…Ø§Ø±\nØ³Ø§ÙÙ„\nÙˆØ³Ø®\nÙ‚Ø°Ø±\nØ¹Ø±Øµ\nØ¯ÙŠÙˆØ«\nØ´Ø±Ù…ÙˆØ·Ø©\nÙƒØ³Ù…Ùƒ\nÙŠØ§ Ø§Ø¨Ù†\nØ­Ù‚ÙŠØ±\nÙˆÙ‚Ø­\nÙ…Ù†ÙŠÙ„\nÙ†Ø°Ù„\nÙˆØ¶ÙŠØ¹\nØ¬Ø¨Ø§Ù†\nØ­ÙŠÙˆØ§Ù†\nØªØ§ÙÙ‡\nØºØ¨ÙŠ\nØ§Ù‡Ø¨Ù„\nÙ‚Ù„ÙŠÙ„ Ø§Ù„Ø§Ø¯Ø¨\nÙƒØ³ Ø§Ù…Ùƒ\nÙƒØ³ Ø§Ø®ØªÙƒ\nÙ†ÙŠÙƒ\nØªÙ Ø¹Ù„ÙŠÙƒ\nØ§Ø¨Ù† Ø§Ù„ÙƒÙ„Ø¨\nØ¹Ø±ØµÙ‡\nØ¨Ø²Ø±\nØ­Ù‚Ù†Ù‡\nØ¨ØºÙ„\nÙ…Ø¹ÙÙ†\nØ®Ù†ÙŠØ«\nØ³Ù„Ù‚\nÙ…Ø®Ù†Ø«\nÙƒÙ„Ø¨ Ø§Ø¨Ù† ÙƒÙ„Ø¨\nØ³ÙÙŠÙ‡\nÙˆÙ‚Ø­Ù‡\nØ®Ø±Ø§\nØªØ¨Ù†\nÙŠØ®Ø±Ø¨ Ø¨ÙŠØªÙƒ\nØºÙˆØ±\nØ§Ù†Ù‚Ù„Ø¹\nÙØ§Ø¬Ø±\nÙ…Ø¬Ø±Ù…\nØ®Ø±ÙˆÙ\nÙ…Ø³Ø·ÙˆÙ„\nØ®Ù†Ø«Ù‰\nØ´Ø±Ù…ÙˆØ·Ùƒ\nÙƒØ³Ø§Ø®ØªÙƒ\nÙƒØ³Ø®ØªÙƒ\nØ§Ø¨Ù† Ø§Ù„Ù…ØªÙ†Ø§ÙƒØ©\nÙ†ÙŠØ¬\nØ¨Ø®\nØ§Ù‡Ø¨Ù„\nÙƒØ³ Ø§Ù…Ùƒ ÙŠØ§ ÙƒÙ„Ø¨\nØ¨Ø±Ø¨ÙˆØ±\nÙ‡Ø§Ù…Ù„\nÙ…Ù‚Ø±Ù\nØ§Ø¨Ùˆ ÙƒÙ„Ø¨\nØ§Ù†Ø°Ù„\nÙ…Ø¹Ø±Øµ\nÙ…Ø´Ù„ÙˆÙ…\nÙØ·ÙŠØ³\nØ¨ÙˆØ®Ù‡\nØ²Ø¨Ø§Ù„Ø©\nÙƒØ®Ø©\nØ¶Ø§ÙŠØ¹\nÙ…Ù†ØºÙˆÙ„ÙŠ\nÙ…Ø¬Ù†ÙˆÙ†\nØ¹Ø±ØµØ©\nØ¹ÙŠÙ„Ø© Ù…Ù†ÙŠÙ„Ø©\nÙ…Ù‚Ù…ÙˆØ·\nØ¬Ø±Ø§Ø¯Ø©\nÙØ§Ø´Ù„\nØ¨Ø²Ø±Ù†Ø¬ÙŠ\nØ®Ù†Ø²ÙŠØ±\nØµØ±ØµÙˆØ±\nØ¹Ø§Ù„Ø©\nÙƒØ®Ø© Ø¹Ù„ÙŠÙƒ\nÙ‚ÙˆØ§Ø¯\nØµØ§ÙŠØ¹\nÙ…Ù†Ø­Ø±Ù\nØ¹Ø§Ù‡Ø±\nÙØ§Ø¬Ø±\nÙ‚Ø°Ø±\nØºØ¯Ø§Ø±\nØ­Ø´Ø§Ø´\nÙˆØ³Ø®Ø§Ù†\nÙ…Ù„Ø¹ÙˆÙ†\nØ£Ù‡Ø¨Ù„\nØ£Ø¨Ù„Ù‡\nÙ‡Ù…Ø¬ÙŠ\nØ­ÙŠÙˆØ§Ù† Ø¨Ø´Ø±ÙŠ\nØ²Ø¨\nÙƒØ³\nØ®Ù†ÙØ³'), update_id=66612383)
2025-07-14 13:20:38 - bot.handlers.moderation - INFO - Processing message from user 5009514991 in chat -1002715966743: /addbadØ®ÙˆÙ„
Ù…ØªÙ†Ø§Ùƒ
Ø²ÙØª
Ø´Ø±Ù…ÙˆØ·
Ø¹Ø¨ÙŠØ·
Ù…Ù†ÙŠÙƒ
ÙƒÙ„Ø¨
Ø­Ù…Ø§Ø±
Ø³Ø§ÙÙ„...
2025-07-14 13:20:57 - bot.handlers.moderation - INFO - Received message update: Update(message=Message(channel_chat_created=False, chat=Chat(id=-1002715966743, title='Ø­Ù„ Ù…Ø´Ø§ÙƒÙ„ Ø§Ù„Ø±ÙˆØª', type=<ChatType.SUPERGROUP>), date=datetime.datetime(2025, 7, 14, 13, 20, 57, tzinfo=<UTC>), delete_chat_photo=False, from_user=User(first_name='ï¼³ï¼£ï¼¡ï¼®ï¼¯ï¼²ãƒ„', id=5009514991, is_bot=False, language_code='ar', username='Haneen_bint_Youssef'), group_chat_created=False, message_id=260, supergroup_chat_created=False, text='Ø®ÙˆÙ„\nÙ…ØªÙ†Ø§Ùƒ\nØ²ÙØª\nØ´Ø±Ù…ÙˆØ·\nØ¹Ø¨ÙŠØ·\nÙ…Ù†ÙŠÙƒ\nÙƒÙ„Ø¨\nØ­Ù…Ø§Ø±\nØ³Ø§ÙÙ„\nÙˆØ³Ø®\nÙ‚Ø°Ø±\nØ¹Ø±Øµ\nØ¯ÙŠÙˆØ«\nØ´Ø±Ù…ÙˆØ·Ø©\nÙƒØ³Ù…Ùƒ\nÙŠØ§ Ø§Ø¨Ù†\nØ­Ù‚ÙŠØ±\nÙˆÙ‚Ø­\nÙ…Ù†ÙŠÙ„\nÙ†Ø°Ù„\nÙˆØ¶ÙŠØ¹\nØ¬Ø¨Ø§Ù†\nØ­ÙŠÙˆØ§Ù†\nØªØ§ÙÙ‡\nØºØ¨ÙŠ\nØ§Ù‡Ø¨Ù„\nÙ‚Ù„ÙŠÙ„ Ø§Ù„Ø§Ø¯Ø¨\nÙƒØ³ Ø§Ù…Ùƒ\nÙƒØ³ Ø§Ø®ØªÙƒ\nÙ†ÙŠÙƒ\nØªÙ Ø¹Ù„ÙŠÙƒ\nØ§Ø¨Ù† Ø§Ù„ÙƒÙ„Ø¨\nØ¹Ø±ØµÙ‡\nØ¨Ø²Ø±\nØ­Ù‚Ù†Ù‡\nØ¨ØºÙ„\nÙ…Ø¹ÙÙ†\nØ®Ù†ÙŠØ«\nØ³Ù„Ù‚\nÙ…Ø®Ù†Ø«\nÙƒÙ„Ø¨ Ø§Ø¨Ù† ÙƒÙ„Ø¨\nØ³ÙÙŠÙ‡\nÙˆÙ‚Ø­Ù‡\nØ®Ø±Ø§\nØªØ¨Ù†\nÙŠØ®Ø±Ø¨ Ø¨ÙŠØªÙƒ\nØºÙˆØ±\nØ§Ù†Ù‚Ù„Ø¹\nÙØ§Ø¬Ø±\nÙ…Ø¬Ø±Ù…\nØ®Ø±ÙˆÙ\nÙ…Ø³Ø·ÙˆÙ„\nØ®Ù†Ø«Ù‰\nØ´Ø±Ù…ÙˆØ·Ùƒ\nÙƒØ³Ø§Ø®ØªÙƒ\nÙƒØ³Ø®ØªÙƒ\nØ§Ø¨Ù† Ø§Ù„Ù…ØªÙ†Ø§ÙƒØ©\nÙ†ÙŠØ¬\nØ¨Ø®\nØ§Ù‡Ø¨Ù„\nÙƒØ³ Ø§Ù…Ùƒ ÙŠØ§ ÙƒÙ„Ø¨\nØ¨Ø±Ø¨ÙˆØ±\nÙ‡Ø§Ù…Ù„\nÙ…Ù‚Ø±Ù\nØ§Ø¨Ùˆ ÙƒÙ„Ø¨\nØ§Ù†Ø°Ù„\nÙ…Ø¹Ø±Øµ\nÙ…Ø´Ù„ÙˆÙ…\nÙØ·ÙŠØ³\nØ¨ÙˆØ®Ù‡\nØ²Ø¨Ø§Ù„Ø©\nÙƒØ®Ø©\nØ¶Ø§ÙŠØ¹\nÙ…Ù†ØºÙˆÙ„ÙŠ\nÙ…Ø¬Ù†ÙˆÙ†\nØ¹Ø±ØµØ©\nØ¹ÙŠÙ„Ø© Ù…Ù†ÙŠÙ„Ø©\nÙ…Ù‚Ù…ÙˆØ·\nØ¬Ø±Ø§Ø¯Ø©\nÙØ§Ø´Ù„\nØ¨Ø²Ø±Ù†Ø¬ÙŠ\nØ®Ù†Ø²ÙŠØ±\nØµØ±ØµÙˆØ±\nØ¹Ø§Ù„Ø©\nÙƒØ®Ø© Ø¹Ù„ÙŠÙƒ\nÙ‚ÙˆØ§Ø¯\nØµØ§ÙŠØ¹\nÙ…Ù†Ø­Ø±Ù\nØ¹Ø§Ù‡Ø±\nÙØ§Ø¬Ø±\nÙ‚Ø°Ø±\nØºØ¯Ø§Ø±\nØ­Ø´Ø§Ø´\nÙˆØ³Ø®Ø§Ù†\nÙ…Ù„Ø¹ÙˆÙ†\nØ£Ù‡Ø¨Ù„\nØ£Ø¨Ù„Ù‡\nÙ‡Ù…Ø¬ÙŠ\nØ­ÙŠÙˆØ§Ù† Ø¨Ø´Ø±ÙŠ\nØ²Ø¨\nÙƒØ³\nØ®Ù†ÙØ³'), update_id=66612384)
2025-07-14 13:20:57 - bot.handlers.moderation - INFO - Processing message from user 5009514991 in chat -1002715966743: Ø®ÙˆÙ„
Ù…ØªÙ†Ø§Ùƒ
Ø²ÙØª
Ø´Ø±Ù…ÙˆØ·
Ø¹Ø¨ÙŠØ·
Ù…Ù†ÙŠÙƒ
ÙƒÙ„Ø¨
Ø­Ù…Ø§Ø±
Ø³Ø§ÙÙ„
ÙˆØ³Ø®
Ù‚Ø°...
2025-07-14 13:21:20 - bot.services.badwords_service - INFO - ØªÙ… ØªØ­Ù…ÙŠÙ„ 31 ÙƒÙ„Ù…Ø© Ù…Ø­Ø¸ÙˆØ±Ø©
2025-07-14 13:21:20 - bot.services.badwords_service - INFO - ØªÙ…Øª Ø¥Ø¶Ø§ÙØ© ÙƒÙ„Ù…Ø© Ù…Ø³ÙŠØ¦Ø© Ø¬Ø¯ÙŠØ¯Ø©: Ø®ÙˆÙ„ Ù…ØªÙ†Ø§Ùƒ Ø²ÙØª Ø´Ø±Ù…ÙˆØ· Ø¹Ø¨ÙŠØ· Ù…Ù†ÙŠÙƒ ÙƒÙ„Ø¨ Ø­Ù…Ø§Ø± Ø³Ø§ÙÙ„ ÙˆØ³Ø® Ù‚Ø°Ø± Ø¹Ø±Øµ Ø¯ÙŠÙˆØ« Ø´Ø±Ù…ÙˆØ·Ø© ÙƒØ³Ù…Ùƒ ÙŠØ§ Ø§Ø¨Ù† Ø­Ù‚ÙŠØ± ÙˆÙ‚Ø­ Ù…Ù†ÙŠÙ„ Ù†Ø°Ù„ ÙˆØ¶ÙŠØ¹ Ø¬Ø¨Ø§Ù† Ø­ÙŠÙˆØ§Ù† ØªØ§ÙÙ‡ ØºØ¨ÙŠ Ø§Ù‡Ø¨Ù„ Ù‚Ù„ÙŠÙ„ Ø§Ù„Ø§Ø¯Ø¨ ÙƒØ³ Ø§Ù…Ùƒ ÙƒØ³ Ø§Ø®ØªÙƒ Ù†ÙŠÙƒ ØªÙ Ø¹Ù„ÙŠÙƒ Ø§Ø¨Ù† Ø§Ù„ÙƒÙ„Ø¨ Ø¹Ø±ØµÙ‡ Ø¨Ø²Ø± Ø­Ù‚Ù†Ù‡ Ø¨ØºÙ„ Ù…Ø¹ÙÙ† Ø®Ù†ÙŠØ« Ø³Ù„Ù‚ Ù…Ø®Ù†Ø« ÙƒÙ„Ø¨ Ø§Ø¨Ù† ÙƒÙ„Ø¨ Ø³ÙÙŠÙ‡ ÙˆÙ‚Ø­Ù‡ Ø®Ø±Ø§ ØªØ¨Ù† ÙŠØ®Ø±Ø¨ Ø¨ÙŠØªÙƒ ØºÙˆØ± Ø§Ù†Ù‚Ù„Ø¹ ÙØ§Ø¬Ø± Ù…Ø¬Ø±Ù… Ø®Ø±ÙˆÙ Ù…Ø³Ø·ÙˆÙ„ Ø®Ù†Ø«Ù‰ Ø´Ø±Ù…ÙˆØ·Ùƒ ÙƒØ³Ø§Ø®ØªÙƒ ÙƒØ³Ø®ØªÙƒ Ø§Ø¨Ù† Ø§Ù„Ù…ØªÙ†Ø§ÙƒØ© Ù†ÙŠØ¬ Ø¨Ø® Ø§Ù‡Ø¨Ù„ ÙƒØ³ Ø§Ù…Ùƒ ÙŠØ§ ÙƒÙ„Ø¨ Ø¨Ø±Ø¨ÙˆØ± Ù‡Ø§Ù…Ù„ Ù…Ù‚Ø±Ù Ø§Ø¨Ùˆ ÙƒÙ„Ø¨ Ø§Ù†Ø°Ù„ Ù…Ø¹Ø±Øµ Ù…Ø´Ù„ÙˆÙ… ÙØ·ÙŠØ³ Ø¨ÙˆØ®Ù‡ Ø²Ø¨Ø§Ù„Ø© ÙƒØ®Ø© Ø¶Ø§ÙŠØ¹ Ù…Ù†ØºÙˆÙ„ÙŠ Ù…Ø¬Ù†ÙˆÙ† Ø¹Ø±ØµØ© Ø¹ÙŠÙ„Ø© Ù…Ù†ÙŠÙ„Ø© Ù…Ù‚Ù…ÙˆØ· Ø¬Ø±Ø§Ø¯Ø© ÙØ§Ø´Ù„ Ø¨Ø²Ø±Ù†Ø¬ÙŠ Ø®Ù†Ø²ÙŠØ± ØµØ±ØµÙˆØ± Ø¹Ø§Ù„Ø© ÙƒØ®Ø© Ø¹Ù„ÙŠÙƒ Ù‚ÙˆØ§Ø¯ ØµØ§ÙŠØ¹ Ù…Ù†Ø­Ø±Ù Ø¹Ø§Ù‡Ø± ÙØ§Ø¬Ø± Ù‚Ø°Ø± ØºØ¯Ø§Ø± Ø­Ø´Ø§Ø´ ÙˆØ³Ø®Ø§Ù† Ù…Ù„Ø¹ÙˆÙ† Ø£Ù‡Ø¨Ù„ Ø£Ø¨Ù„Ù‡ Ù‡Ù…Ø¬ÙŠ Ø­ÙŠÙˆØ§Ù† Ø¨Ø´Ø±ÙŠ Ø²Ø¨ ÙƒØ³ Ø®Ù†ÙØ³
2025-07-14 13:21:20 - bot.handlers.admin - INFO - ØªÙ… Ø¥Ø¶Ø§ÙØ© ÙƒÙ„Ù…Ø© Ù…Ø³ÙŠØ¦Ø© Ø¬Ø¯ÙŠØ¯Ø©: Ø®ÙˆÙ„ Ù…ØªÙ†Ø§Ùƒ Ø²ÙØª Ø´Ø±Ù…ÙˆØ· Ø¹Ø¨ÙŠØ· Ù…Ù†ÙŠÙƒ ÙƒÙ„Ø¨ Ø­Ù…Ø§Ø± Ø³Ø§ÙÙ„ ÙˆØ³Ø® Ù‚Ø°Ø± Ø¹Ø±Øµ Ø¯ÙŠÙˆØ« Ø´Ø±Ù…ÙˆØ·Ø© ÙƒØ³Ù…Ùƒ ÙŠØ§ Ø§Ø¨Ù† Ø­Ù‚ÙŠØ± ÙˆÙ‚Ø­ Ù…Ù†ÙŠÙ„ Ù†Ø°Ù„ ÙˆØ¶ÙŠØ¹ Ø¬Ø¨Ø§Ù† Ø­ÙŠÙˆØ§Ù† ØªØ§ÙÙ‡ ØºØ¨ÙŠ Ø§Ù‡Ø¨Ù„ Ù‚Ù„ÙŠÙ„ Ø§Ù„Ø§Ø¯Ø¨ ÙƒØ³ Ø§Ù…Ùƒ ÙƒØ³ Ø§Ø®ØªÙƒ Ù†ÙŠÙƒ ØªÙ Ø¹Ù„ÙŠÙƒ Ø§Ø¨Ù† Ø§Ù„ÙƒÙ„Ø¨ Ø¹Ø±ØµÙ‡ Ø¨Ø²Ø± Ø­Ù‚Ù†Ù‡ Ø¨ØºÙ„ Ù…Ø¹ÙÙ† Ø®Ù†ÙŠØ« Ø³Ù„Ù‚ Ù…Ø®Ù†Ø« ÙƒÙ„Ø¨ Ø§Ø¨Ù† ÙƒÙ„Ø¨ Ø³ÙÙŠÙ‡ ÙˆÙ‚Ø­Ù‡ Ø®Ø±Ø§ ØªØ¨Ù† ÙŠØ®Ø±Ø¨ Ø¨ÙŠØªÙƒ ØºÙˆØ± Ø§Ù†Ù‚Ù„Ø¹ ÙØ§Ø¬Ø± Ù…Ø¬Ø±Ù… Ø®Ø±ÙˆÙ Ù…Ø³Ø·ÙˆÙ„ Ø®Ù†Ø«Ù‰ Ø´Ø±Ù…ÙˆØ·Ùƒ ÙƒØ³Ø§Ø®ØªÙƒ ÙƒØ³Ø®ØªÙƒ Ø§Ø¨Ù† Ø§Ù„Ù…ØªÙ†Ø§ÙƒØ© Ù†ÙŠØ¬ Ø¨Ø® Ø§Ù‡Ø¨Ù„ ÙƒØ³ Ø§Ù…Ùƒ ÙŠØ§ ÙƒÙ„Ø¨ Ø¨Ø±Ø¨ÙˆØ± Ù‡Ø§Ù…Ù„ Ù…Ù‚Ø±Ù Ø§Ø¨Ùˆ ÙƒÙ„Ø¨ Ø§Ù†Ø°Ù„ Ù…Ø¹Ø±Øµ Ù…Ø´Ù„ÙˆÙ… ÙØ·ÙŠØ³ Ø¨ÙˆØ®Ù‡ Ø²Ø¨Ø§Ù„Ø© ÙƒØ®Ø© Ø¶Ø§ÙŠØ¹ Ù…Ù†ØºÙˆÙ„ÙŠ Ù…Ø¬Ù†ÙˆÙ† Ø¹Ø±ØµØ© Ø¹ÙŠÙ„Ø© Ù…Ù†ÙŠÙ„Ø© Ù…Ù‚Ù…ÙˆØ· Ø¬Ø±Ø§Ø¯Ø© ÙØ§Ø´Ù„ Ø¨Ø²Ø±Ù†Ø¬ÙŠ Ø®Ù†Ø²ÙŠØ± ØµØ±ØµÙˆØ± Ø¹Ø§Ù„Ø© ÙƒØ®Ø© Ø¹Ù„ÙŠÙƒ Ù‚ÙˆØ§Ø¯ ØµØ§ÙŠØ¹ Ù…Ù†Ø­Ø±Ù Ø¹Ø§Ù‡Ø± ÙØ§Ø¬Ø± Ù‚Ø°Ø± ØºØ¯Ø§Ø± Ø­Ø´Ø§Ø´ ÙˆØ³Ø®Ø§Ù† Ù…Ù„Ø¹ÙˆÙ† Ø£Ù‡Ø¨Ù„ Ø£Ø¨Ù„Ù‡ Ù‡Ù…Ø¬ÙŠ Ø­ÙŠÙˆØ§Ù† Ø¨Ø´Ø±ÙŠ Ø²Ø¨ ÙƒØ³ Ø®Ù†ÙØ³ Ø¨ÙˆØ§Ø³Ø·Ø© Ø§Ù„Ù…Ø´Ø±Ù 5009514991
2025-07-14 13:21:29 - bot.handlers.moderation - INFO - Received message update: Update(message=Message(channel_chat_created=False, chat=Chat(id=-1002715966743, title='Ø­Ù„ Ù…Ø´Ø§ÙƒÙ„ Ø§Ù„Ø±ÙˆØª', type=<ChatType.SUPERGROUP>), date=datetime.datetime(2025, 7, 14, 13, 21, 29, tzinfo=<UTC>), delete_chat_photo=False, from_user=User(first_name='ï¼³ï¼£ï¼¡ï¼®ï¼¯ï¼²ãƒ„', id=5009514991, is_bot=False, language_code='ar', username='Haneen_bint_Youssef'), group_chat_created=False, message_id=263, supergroup_chat_created=False, text='ÙƒÙŠ'), update_id=66612386)
2025-07-14 13:21:29 - bot.handlers.moderation - INFO - Processing message from user 5009514991 in chat -1002715966743: ÙƒÙŠ...
2025-07-14 13:21:31 - bot.handlers.moderation - INFO - Received message update: Update(message=Message(channel_chat_created=False, chat=Chat(id=-1002715966743, title='Ø­Ù„ Ù…Ø´Ø§ÙƒÙ„ Ø§Ù„Ø±ÙˆØª', type=<ChatType.SUPERGROUP>), date=datetime.datetime(2025, 7, 14, 13, 21, 31, tzinfo=<UTC>), delete_chat_photo=False, from_user=User(first_name='ï¼³ï¼£ï¼¡ï¼®ï¼¯ï¼²ãƒ„', id=5009514991, is_bot=False, language_code='ar', username='Haneen_bint_Youssef'), group_chat_created=False, message_id=264, supergroup_chat_created=False, text='ÙƒØ³'), update_id=66612387)
2025-07-14 13:21:31 - bot.handlers.moderation - INFO - Processing message from user 5009514991 in chat -1002715966743: ÙƒØ³...
2025-07-14 13:22:25 - bot.handlers.commands - INFO - Received /start command from user 5009514991
